<?xml version="1.0" encoding="UTF-8"?>
<testng-results ignored="0" total="2" passed="2" failed="0" skipped="0">
  <reporter-output>
  </reporter-output>
  <suite started-at="2020-12-23T10:45:55Z" name="Default suite" finished-at="2020-12-23T10:46:58Z" duration-ms="62505">
    <groups>
    </groups>
    <test started-at="2020-12-23T10:45:55Z" name="Default test" finished-at="2020-12-23T10:46:58Z" duration-ms="62505">
      <class name="mainPack.DriverApp">
        <test-method is-config="true" signature="startTesting()[pri:0, instance:mainPack.DriverApp@c9d0d6]" started-at="2020-12-23T10:45:55Z" name="startTesting" finished-at="2020-12-23T10:45:55Z" duration-ms="25" status="PASS">
          <reporter-output>
          </reporter-output>
        </test-method> <!-- startTesting -->
        <test-method signature="testlaunch(java.lang.String, java.lang.String, java.lang.String)[pri:0, instance:mainPack.DriverApp@c9d0d6]" started-at="2020-12-23T10:45:55Z" name="testlaunch" data-provider="getData" finished-at="2020-12-23T10:46:58Z" duration-ms="62476" status="PASS">
          <params>
            <param index="0">
              <value>
                <![CDATA[LoginTest]]>
              </value>
            </param>
            <param index="1">
              <value>
                <![CDATA[Check search string in GOOG]]>
              </value>
            </param>
            <param index="2">
              <value>
                <![CDATA[firefox]]>
              </value>
            </param>
          </params>
          <reporter-output>
          </reporter-output>
        </test-method> <!-- testlaunch -->
        <test-method signature="testlaunch(java.lang.String, java.lang.String, java.lang.String)[pri:0, instance:mainPack.DriverApp@c9d0d6]" started-at="2020-12-23T10:45:55Z" name="testlaunch" data-provider="getData" finished-at="2020-12-23T10:46:58Z" duration-ms="62476" status="PASS">
          <params>
            <param index="0">
              <value>
                <![CDATA[SigninTest]]>
              </value>
            </param>
            <param index="1">
              <value>
                <![CDATA[Check search string in GOOG]]>
              </value>
            </param>
            <param index="2">
              <value>
                <![CDATA[firefox]]>
              </value>
            </param>
          </params>
          <reporter-output>
          </reporter-output>
        </test-method> <!-- testlaunch -->
        <test-method is-config="true" signature="endScript()[pri:0, instance:mainPack.DriverApp@c9d0d6]" started-at="2020-12-23T10:46:58Z" name="endScript" finished-at="2020-12-23T10:46:58Z" duration-ms="11" status="PASS">
          <reporter-output>
          </reporter-output>
        </test-method> <!-- endScript -->
      </class> <!-- mainPack.DriverApp -->
    </test> <!-- Default test -->
  </suite> <!-- Default suite -->
</testng-results>
